{"C:\\devs\\scanjs\\Graph.js":{"path":"C:\\devs\\scanjs\\Graph.js","s":{"1":1,"2":46,"3":46,"4":327,"5":326,"6":326,"7":530,"8":530,"9":529,"10":530,"11":529,"12":4838,"13":1704,"14":1704,"15":1704,"16":8274,"17":1704,"18":1,"19":1,"20":1,"21":1,"22":2,"23":2,"24":4,"25":4,"26":4,"27":2,"28":4,"29":2,"30":2,"31":2,"32":1,"33":1,"34":1,"35":0,"36":1,"37":1,"38":1,"39":1,"40":2,"41":2,"42":0,"43":1,"44":4,"45":3,"46":3,"47":3,"48":3,"49":3,"50":5,"51":2,"52":1,"53":1},"b":{"1":[326,1],"2":[530,0],"3":[530,530],"4":[529,1],"5":[529,1],"6":[1,0],"7":[2,2],"8":[2,2],"9":[0,1],"10":[2,0],"11":[3,1],"12":[4,4],"13":[3,0],"14":[2,3]},"f":{"1":46,"2":327,"3":530,"4":4838,"5":1704,"6":1,"7":1},"fnMap":{"1":{"name":"(anonymous_1)","line":4,"loc":{"start":{"line":4,"column":15},"end":{"line":4,"column":18}}},"2":{"name":"(anonymous_2)","line":9,"loc":{"start":{"line":9,"column":14},"end":{"line":9,"column":18}}},"3":{"name":"(anonymous_3)","line":16,"loc":{"start":{"line":16,"column":11},"end":{"line":16,"column":18}}},"4":{"name":"(anonymous_4)","line":27,"loc":{"start":{"line":27,"column":16},"end":{"line":27,"column":20}}},"5":{"name":"(anonymous_5)","line":31,"loc":{"start":{"line":31,"column":14},"end":{"line":31,"column":21}}},"6":{"name":"(anonymous_6)","line":40,"loc":{"start":{"line":40,"column":11},"end":{"line":40,"column":38}}},"7":{"name":"(anonymous_7)","line":65,"loc":{"start":{"line":65,"column":18},"end":{"line":65,"column":45}}}},"statementMap":{"1":{"start":{"line":1,"column":0},"end":{"line":1,"column":23}},"2":{"start":{"line":5,"column":8},"end":{"line":5,"column":27}},"3":{"start":{"line":6,"column":8},"end":{"line":6,"column":24}},"4":{"start":{"line":10,"column":8},"end":{"line":13,"column":9}},"5":{"start":{"line":11,"column":12},"end":{"line":11,"column":34}},"6":{"start":{"line":12,"column":12},"end":{"line":12,"column":31}},"7":{"start":{"line":17,"column":8},"end":{"line":24,"column":9}},"8":{"start":{"line":18,"column":12},"end":{"line":20,"column":13}},"9":{"start":{"line":19,"column":16},"end":{"line":19,"column":38}},"10":{"start":{"line":21,"column":12},"end":{"line":23,"column":13}},"11":{"start":{"line":22,"column":16},"end":{"line":22,"column":38}},"12":{"start":{"line":28,"column":8},"end":{"line":28,"column":41}},"13":{"start":{"line":32,"column":8},"end":{"line":32,"column":45}},"14":{"start":{"line":33,"column":8},"end":{"line":33,"column":45}},"15":{"start":{"line":34,"column":8},"end":{"line":36,"column":11}},"16":{"start":{"line":35,"column":12},"end":{"line":35,"column":55}},"17":{"start":{"line":37,"column":8},"end":{"line":37,"column":79}},"18":{"start":{"line":41,"column":8},"end":{"line":41,"column":21}},"19":{"start":{"line":42,"column":8},"end":{"line":44,"column":9}},"20":{"start":{"line":43,"column":12},"end":{"line":43,"column":57}},"21":{"start":{"line":45,"column":8},"end":{"line":61,"column":9}},"22":{"start":{"line":46,"column":12},"end":{"line":46,"column":25}},"23":{"start":{"line":47,"column":12},"end":{"line":59,"column":13}},"24":{"start":{"line":48,"column":16},"end":{"line":48,"column":41}},"25":{"start":{"line":49,"column":16},"end":{"line":49,"column":41}},"26":{"start":{"line":51,"column":16},"end":{"line":53,"column":17}},"27":{"start":{"line":52,"column":20},"end":{"line":52,"column":36}},"28":{"start":{"line":54,"column":16},"end":{"line":58,"column":17}},"29":{"start":{"line":55,"column":20},"end":{"line":55,"column":36}},"30":{"start":{"line":57,"column":20},"end":{"line":57,"column":36}},"31":{"start":{"line":60,"column":12},"end":{"line":60,"column":37}},"32":{"start":{"line":62,"column":8},"end":{"line":62,"column":46}},"33":{"start":{"line":66,"column":8},"end":{"line":100,"column":11}},"34":{"start":{"line":67,"column":12},"end":{"line":99,"column":13}},"35":{"start":{"line":68,"column":16},"end":{"line":68,"column":36}},"36":{"start":{"line":70,"column":16},"end":{"line":70,"column":40}},"37":{"start":{"line":71,"column":16},"end":{"line":71,"column":57}},"38":{"start":{"line":72,"column":16},"end":{"line":72,"column":57}},"39":{"start":{"line":73,"column":16},"end":{"line":79,"column":17}},"40":{"start":{"line":74,"column":20},"end":{"line":78,"column":21}},"41":{"start":{"line":75,"column":24},"end":{"line":75,"column":53}},"42":{"start":{"line":77,"column":24},"end":{"line":77,"column":44}},"43":{"start":{"line":81,"column":16},"end":{"line":96,"column":17}},"44":{"start":{"line":82,"column":20},"end":{"line":95,"column":21}},"45":{"start":{"line":83,"column":24},"end":{"line":83,"column":39}},"46":{"start":{"line":84,"column":24},"end":{"line":86,"column":25}},"47":{"start":{"line":85,"column":28},"end":{"line":85,"column":43}},"48":{"start":{"line":89,"column":24},"end":{"line":89,"column":65}},"49":{"start":{"line":90,"column":24},"end":{"line":94,"column":25}},"50":{"start":{"line":91,"column":28},"end":{"line":93,"column":29}},"51":{"start":{"line":92,"column":32},"end":{"line":92,"column":88}},"52":{"start":{"line":98,"column":16},"end":{"line":98,"column":38}},"53":{"start":{"line":105,"column":0},"end":{"line":105,"column":29}}},"branchMap":{"1":{"line":10,"type":"if","locations":[{"start":{"line":10,"column":8},"end":{"line":10,"column":8}},{"start":{"line":10,"column":8},"end":{"line":10,"column":8}}]},"2":{"line":17,"type":"if","locations":[{"start":{"line":17,"column":8},"end":{"line":17,"column":8}},{"start":{"line":17,"column":8},"end":{"line":17,"column":8}}]},"3":{"line":17,"type":"binary-expr","locations":[{"start":{"line":17,"column":13},"end":{"line":17,"column":44}},{"start":{"line":17,"column":50},"end":{"line":17,"column":81}}]},"4":{"line":18,"type":"if","locations":[{"start":{"line":18,"column":12},"end":{"line":18,"column":12}},{"start":{"line":18,"column":12},"end":{"line":18,"column":12}}]},"5":{"line":21,"type":"if","locations":[{"start":{"line":21,"column":12},"end":{"line":21,"column":12}},{"start":{"line":21,"column":12},"end":{"line":21,"column":12}}]},"6":{"line":42,"type":"if","locations":[{"start":{"line":42,"column":8},"end":{"line":42,"column":8}},{"start":{"line":42,"column":8},"end":{"line":42,"column":8}}]},"7":{"line":51,"type":"if","locations":[{"start":{"line":51,"column":16},"end":{"line":51,"column":16}},{"start":{"line":51,"column":16},"end":{"line":51,"column":16}}]},"8":{"line":54,"type":"if","locations":[{"start":{"line":54,"column":16},"end":{"line":54,"column":16}},{"start":{"line":54,"column":16},"end":{"line":54,"column":16}}]},"9":{"line":67,"type":"if","locations":[{"start":{"line":67,"column":12},"end":{"line":67,"column":12}},{"start":{"line":67,"column":12},"end":{"line":67,"column":12}}]},"10":{"line":74,"type":"if","locations":[{"start":{"line":74,"column":20},"end":{"line":74,"column":20}},{"start":{"line":74,"column":20},"end":{"line":74,"column":20}}]},"11":{"line":82,"type":"if","locations":[{"start":{"line":82,"column":20},"end":{"line":82,"column":20}},{"start":{"line":82,"column":20},"end":{"line":82,"column":20}}]},"12":{"line":82,"type":"binary-expr","locations":[{"start":{"line":82,"column":24},"end":{"line":82,"column":29}},{"start":{"line":82,"column":33},"end":{"line":82,"column":38}}]},"13":{"line":84,"type":"if","locations":[{"start":{"line":84,"column":24},"end":{"line":84,"column":24}},{"start":{"line":84,"column":24},"end":{"line":84,"column":24}}]},"14":{"line":91,"type":"if","locations":[{"start":{"line":91,"column":28},"end":{"line":91,"column":28}},{"start":{"line":91,"column":28},"end":{"line":91,"column":28}}]}}},"C:\\devs\\scanjs\\Scan.js":{"path":"C:\\devs\\scanjs\\Scan.js","s":{"1":1,"2":35,"3":35,"4":35,"5":35,"6":526,"7":4842,"8":2686,"9":1964,"10":2514,"11":2514,"12":376,"13":2138,"14":112,"15":112,"16":112,"17":661,"18":661,"19":550,"20":112,"21":2026,"22":171,"23":1429,"24":10,"25":92,"26":1200,"27":1200,"28":1200,"29":166,"30":0,"31":1200,"32":360,"33":36,"34":2,"35":8,"36":4,"37":4,"38":6,"39":6,"40":17,"41":0,"42":17,"43":0,"44":17,"45":6,"46":1,"47":3,"48":31,"49":0,"50":31,"51":0,"52":31,"53":0,"54":31,"55":31,"56":141,"57":31,"58":142,"59":31,"60":16,"61":32,"62":0,"63":16,"64":31,"65":31,"66":16,"67":16,"68":1,"69":15,"70":15,"71":30,"72":0,"73":15,"74":30,"75":30,"76":15,"77":15,"78":0,"79":15,"80":1,"81":1,"82":1,"83":1,"84":1,"85":1,"86":14,"87":2,"88":2,"89":2,"90":2,"91":12,"92":12,"93":168,"94":0,"95":0,"96":0,"97":0,"98":0,"99":0,"100":0,"101":14,"102":14,"103":1,"104":14,"105":0,"106":14,"107":1,"108":1},"b":{"1":[2686,519],"2":[376,2138],"3":[112,2026],"4":[773,772],"5":[550,111],"6":[1429,169],"7":[166,1034],"8":[1200,360],"9":[0,166],"10":[360,840],"11":[36,324],"12":[2,34],"13":[0,17],"14":[0,17],"15":[1,5],"16":[0,31],"17":[0,31],"18":[0,31],"19":[31,1],"20":[0,16],"21":[1,15],"22":[0,15],"23":[0,15],"24":[2,12],"25":[14,14],"26":[0,168],"27":[0,0],"28":[0,0],"29":[14,0],"30":[0,14]},"f":{"1":35,"2":526,"3":4842,"4":2686,"5":1964,"6":2514,"7":171,"8":10,"9":4,"10":31,"11":16,"12":15,"13":1},"fnMap":{"1":{"name":"(anonymous_1)","line":4,"loc":{"start":{"line":4,"column":15},"end":{"line":4,"column":44}}},"2":{"name":"(anonymous_2)","line":11,"loc":{"start":{"line":11,"column":19},"end":{"line":11,"column":23}}},"3":{"name":"(anonymous_3)","line":18,"loc":{"start":{"line":18,"column":10},"end":{"line":18,"column":14}}},"4":{"name":"(anonymous_4)","line":23,"loc":{"start":{"line":23,"column":12},"end":{"line":23,"column":19}}},"5":{"name":"(anonymous_5)","line":27,"loc":{"start":{"line":27,"column":9},"end":{"line":27,"column":16}}},"6":{"name":"(anonymous_6)","line":31,"loc":{"start":{"line":31,"column":18},"end":{"line":31,"column":34}}},"7":{"name":"(anonymous_7)","line":52,"loc":{"start":{"line":52,"column":11},"end":{"line":52,"column":18}}},"8":{"name":"(anonymous_8)","line":59,"loc":{"start":{"line":59,"column":13},"end":{"line":59,"column":23}}},"9":{"name":"(anonymous_9)","line":83,"loc":{"start":{"line":83,"column":16},"end":{"line":83,"column":29}}},"10":{"name":"(anonymous_10)","line":105,"loc":{"start":{"line":105,"column":12},"end":{"line":105,"column":36}}},"11":{"name":"(anonymous_11)","line":125,"loc":{"start":{"line":125,"column":9},"end":{"line":125,"column":25}}},"12":{"name":"(anonymous_12)","line":143,"loc":{"start":{"line":143,"column":13},"end":{"line":143,"column":29}}},"13":{"name":"(anonymous_13)","line":161,"loc":{"start":{"line":161,"column":16},"end":{"line":161,"column":19}}}},"statementMap":{"1":{"start":{"line":1,"column":0},"end":{"line":1,"column":40}},"2":{"start":{"line":5,"column":8},"end":{"line":5,"column":23}},"3":{"start":{"line":6,"column":8},"end":{"line":6,"column":21}},"4":{"start":{"line":7,"column":8},"end":{"line":7,"column":59}},"5":{"start":{"line":8,"column":8},"end":{"line":8,"column":27}},"6":{"start":{"line":15,"column":8},"end":{"line":15,"column":45}},"7":{"start":{"line":20,"column":8},"end":{"line":20,"column":36}},"8":{"start":{"line":24,"column":8},"end":{"line":24,"column":79}},"9":{"start":{"line":28,"column":8},"end":{"line":28,"column":45}},"10":{"start":{"line":32,"column":8},"end":{"line":32,"column":45}},"11":{"start":{"line":33,"column":8},"end":{"line":49,"column":9}},"12":{"start":{"line":34,"column":12},"end":{"line":34,"column":24}},"13":{"start":{"line":36,"column":12},"end":{"line":48,"column":13}},"14":{"start":{"line":37,"column":16},"end":{"line":37,"column":60}},"15":{"start":{"line":38,"column":16},"end":{"line":38,"column":36}},"16":{"start":{"line":39,"column":16},"end":{"line":44,"column":17}},"17":{"start":{"line":40,"column":20},"end":{"line":40,"column":55}},"18":{"start":{"line":41,"column":20},"end":{"line":43,"column":21}},"19":{"start":{"line":42,"column":24},"end":{"line":42,"column":79}},"20":{"start":{"line":45,"column":16},"end":{"line":45,"column":31}},"21":{"start":{"line":47,"column":16},"end":{"line":47,"column":29}},"22":{"start":{"line":53,"column":8},"end":{"line":55,"column":10}},"23":{"start":{"line":54,"column":12},"end":{"line":54,"column":56}},"24":{"start":{"line":60,"column":8},"end":{"line":79,"column":9}},"25":{"start":{"line":61,"column":12},"end":{"line":78,"column":13}},"26":{"start":{"line":62,"column":16},"end":{"line":62,"column":47}},"27":{"start":{"line":63,"column":16},"end":{"line":63,"column":47}},"28":{"start":{"line":65,"column":16},"end":{"line":69,"column":17}},"29":{"start":{"line":66,"column":20},"end":{"line":68,"column":21}},"30":{"start":{"line":67,"column":24},"end":{"line":67,"column":37}},"31":{"start":{"line":71,"column":16},"end":{"line":77,"column":17}},"32":{"start":{"line":72,"column":20},"end":{"line":76,"column":21}},"33":{"start":{"line":73,"column":24},"end":{"line":75,"column":25}},"34":{"start":{"line":74,"column":28},"end":{"line":74,"column":41}},"35":{"start":{"line":80,"column":8},"end":{"line":80,"column":20}},"36":{"start":{"line":84,"column":8},"end":{"line":84,"column":25}},"37":{"start":{"line":85,"column":8},"end":{"line":101,"column":9}},"38":{"start":{"line":86,"column":12},"end":{"line":86,"column":40}},"39":{"start":{"line":87,"column":12},"end":{"line":97,"column":13}},"40":{"start":{"line":88,"column":16},"end":{"line":96,"column":17}},"41":{"start":{"line":89,"column":20},"end":{"line":89,"column":33}},"42":{"start":{"line":91,"column":20},"end":{"line":95,"column":21}},"43":{"start":{"line":92,"column":24},"end":{"line":92,"column":37}},"44":{"start":{"line":94,"column":24},"end":{"line":94,"column":49}},"45":{"start":{"line":98,"column":12},"end":{"line":100,"column":13}},"46":{"start":{"line":99,"column":16},"end":{"line":99,"column":29}},"47":{"start":{"line":102,"column":8},"end":{"line":102,"column":20}},"48":{"start":{"line":106,"column":8},"end":{"line":108,"column":9}},"49":{"start":{"line":107,"column":12},"end":{"line":107,"column":25}},"50":{"start":{"line":109,"column":8},"end":{"line":111,"column":9}},"51":{"start":{"line":110,"column":12},"end":{"line":110,"column":25}},"52":{"start":{"line":112,"column":8},"end":{"line":114,"column":9}},"53":{"start":{"line":113,"column":12},"end":{"line":113,"column":25}},"54":{"start":{"line":115,"column":8},"end":{"line":115,"column":48}},"55":{"start":{"line":116,"column":8},"end":{"line":118,"column":11}},"56":{"start":{"line":117,"column":12},"end":{"line":117,"column":45}},"57":{"start":{"line":119,"column":8},"end":{"line":121,"column":11}},"58":{"start":{"line":120,"column":12},"end":{"line":120,"column":45}},"59":{"start":{"line":122,"column":8},"end":{"line":122,"column":26}},"60":{"start":{"line":126,"column":8},"end":{"line":130,"column":9}},"61":{"start":{"line":127,"column":16},"end":{"line":127,"column":49}},"62":{"start":{"line":129,"column":12},"end":{"line":129,"column":25}},"63":{"start":{"line":131,"column":8},"end":{"line":139,"column":9}},"64":{"start":{"line":132,"column":12},"end":{"line":132,"column":41}},"65":{"start":{"line":133,"column":12},"end":{"line":138,"column":13}},"66":{"start":{"line":134,"column":16},"end":{"line":134,"column":45}},"67":{"start":{"line":135,"column":16},"end":{"line":137,"column":17}},"68":{"start":{"line":136,"column":20},"end":{"line":136,"column":32}},"69":{"start":{"line":140,"column":8},"end":{"line":140,"column":21}},"70":{"start":{"line":144,"column":8},"end":{"line":148,"column":9}},"71":{"start":{"line":145,"column":16},"end":{"line":145,"column":49}},"72":{"start":{"line":147,"column":12},"end":{"line":147,"column":25}},"73":{"start":{"line":149,"column":8},"end":{"line":157,"column":9}},"74":{"start":{"line":150,"column":12},"end":{"line":150,"column":41}},"75":{"start":{"line":151,"column":12},"end":{"line":156,"column":13}},"76":{"start":{"line":152,"column":16},"end":{"line":152,"column":45}},"77":{"start":{"line":153,"column":16},"end":{"line":155,"column":17}},"78":{"start":{"line":154,"column":20},"end":{"line":154,"column":33}},"79":{"start":{"line":158,"column":8},"end":{"line":158,"column":20}},"80":{"start":{"line":162,"column":8},"end":{"line":162,"column":35}},"81":{"start":{"line":163,"column":8},"end":{"line":163,"column":36}},"82":{"start":{"line":164,"column":8},"end":{"line":164,"column":28}},"83":{"start":{"line":165,"column":8},"end":{"line":165,"column":22}},"84":{"start":{"line":166,"column":8},"end":{"line":166,"column":26}},"85":{"start":{"line":168,"column":8},"end":{"line":195,"column":11}},"86":{"start":{"line":169,"column":12},"end":{"line":191,"column":13}},"87":{"start":{"line":170,"column":16},"end":{"line":170,"column":36}},"88":{"start":{"line":171,"column":16},"end":{"line":171,"column":44}},"89":{"start":{"line":172,"column":16},"end":{"line":172,"column":52}},"90":{"start":{"line":173,"column":16},"end":{"line":190,"column":17}},"91":{"start":{"line":174,"column":20},"end":{"line":174,"column":42}},"92":{"start":{"line":176,"column":20},"end":{"line":188,"column":23}},"93":{"start":{"line":177,"column":24},"end":{"line":187,"column":25}},"94":{"start":{"line":178,"column":28},"end":{"line":186,"column":29}},"95":{"start":{"line":179,"column":32},"end":{"line":179,"column":51}},"96":{"start":{"line":180,"column":32},"end":{"line":180,"column":59}},"97":{"start":{"line":181,"column":32},"end":{"line":181,"column":46}},"98":{"start":{"line":182,"column":32},"end":{"line":182,"column":77}},"99":{"start":{"line":183,"column":32},"end":{"line":185,"column":33}},"100":{"start":{"line":184,"column":36},"end":{"line":184,"column":75}},"101":{"start":{"line":192,"column":12},"end":{"line":194,"column":13}},"102":{"start":{"line":193,"column":16},"end":{"line":193,"column":42}},"103":{"start":{"line":199,"column":8},"end":{"line":205,"column":11}},"104":{"start":{"line":200,"column":12},"end":{"line":204,"column":13}},"105":{"start":{"line":201,"column":16},"end":{"line":201,"column":29}},"106":{"start":{"line":203,"column":16},"end":{"line":203,"column":33}},"107":{"start":{"line":207,"column":8},"end":{"line":211,"column":9}},"108":{"start":{"line":216,"column":0},"end":{"line":216,"column":27}}},"branchMap":{"1":{"line":24,"type":"binary-expr","locations":[{"start":{"line":24,"column":16},"end":{"line":24,"column":30}},{"start":{"line":24,"column":35},"end":{"line":24,"column":76}}]},"2":{"line":33,"type":"if","locations":[{"start":{"line":33,"column":8},"end":{"line":33,"column":8}},{"start":{"line":33,"column":8},"end":{"line":33,"column":8}}]},"3":{"line":36,"type":"if","locations":[{"start":{"line":36,"column":12},"end":{"line":36,"column":12}},{"start":{"line":36,"column":12},"end":{"line":36,"column":12}}]},"4":{"line":39,"type":"binary-expr","locations":[{"start":{"line":39,"column":23},"end":{"line":39,"column":31}},{"start":{"line":39,"column":35},"end":{"line":39,"column":56}}]},"5":{"line":41,"type":"if","locations":[{"start":{"line":41,"column":20},"end":{"line":41,"column":20}},{"start":{"line":41,"column":20},"end":{"line":41,"column":20}}]},"6":{"line":54,"type":"binary-expr","locations":[{"start":{"line":54,"column":19},"end":{"line":54,"column":35}},{"start":{"line":54,"column":39},"end":{"line":54,"column":55}}]},"7":{"line":65,"type":"if","locations":[{"start":{"line":65,"column":16},"end":{"line":65,"column":16}},{"start":{"line":65,"column":16},"end":{"line":65,"column":16}}]},"8":{"line":65,"type":"binary-expr","locations":[{"start":{"line":65,"column":21},"end":{"line":65,"column":46}},{"start":{"line":65,"column":52},"end":{"line":65,"column":77}}]},"9":{"line":66,"type":"if","locations":[{"start":{"line":66,"column":20},"end":{"line":66,"column":20}},{"start":{"line":66,"column":20},"end":{"line":66,"column":20}}]},"10":{"line":71,"type":"if","locations":[{"start":{"line":71,"column":16},"end":{"line":71,"column":16}},{"start":{"line":71,"column":16},"end":{"line":71,"column":16}}]},"11":{"line":72,"type":"if","locations":[{"start":{"line":72,"column":20},"end":{"line":72,"column":20}},{"start":{"line":72,"column":20},"end":{"line":72,"column":20}}]},"12":{"line":73,"type":"if","locations":[{"start":{"line":73,"column":24},"end":{"line":73,"column":24}},{"start":{"line":73,"column":24},"end":{"line":73,"column":24}}]},"13":{"line":88,"type":"if","locations":[{"start":{"line":88,"column":16},"end":{"line":88,"column":16}},{"start":{"line":88,"column":16},"end":{"line":88,"column":16}}]},"14":{"line":91,"type":"if","locations":[{"start":{"line":91,"column":20},"end":{"line":91,"column":20}},{"start":{"line":91,"column":20},"end":{"line":91,"column":20}}]},"15":{"line":98,"type":"if","locations":[{"start":{"line":98,"column":12},"end":{"line":98,"column":12}},{"start":{"line":98,"column":12},"end":{"line":98,"column":12}}]},"16":{"line":106,"type":"if","locations":[{"start":{"line":106,"column":8},"end":{"line":106,"column":8}},{"start":{"line":106,"column":8},"end":{"line":106,"column":8}}]},"17":{"line":109,"type":"if","locations":[{"start":{"line":109,"column":8},"end":{"line":109,"column":8}},{"start":{"line":109,"column":8},"end":{"line":109,"column":8}}]},"18":{"line":112,"type":"if","locations":[{"start":{"line":112,"column":8},"end":{"line":112,"column":8}},{"start":{"line":112,"column":8},"end":{"line":112,"column":8}}]},"19":{"line":122,"type":"binary-expr","locations":[{"start":{"line":122,"column":15},"end":{"line":122,"column":18}},{"start":{"line":122,"column":22},"end":{"line":122,"column":25}}]},"20":{"line":126,"type":"if","locations":[{"start":{"line":126,"column":8},"end":{"line":126,"column":8}},{"start":{"line":126,"column":8},"end":{"line":126,"column":8}}]},"21":{"line":135,"type":"if","locations":[{"start":{"line":135,"column":16},"end":{"line":135,"column":16}},{"start":{"line":135,"column":16},"end":{"line":135,"column":16}}]},"22":{"line":144,"type":"if","locations":[{"start":{"line":144,"column":8},"end":{"line":144,"column":8}},{"start":{"line":144,"column":8},"end":{"line":144,"column":8}}]},"23":{"line":153,"type":"if","locations":[{"start":{"line":153,"column":16},"end":{"line":153,"column":16}},{"start":{"line":153,"column":16},"end":{"line":153,"column":16}}]},"24":{"line":169,"type":"if","locations":[{"start":{"line":169,"column":12},"end":{"line":169,"column":12}},{"start":{"line":169,"column":12},"end":{"line":169,"column":12}}]},"25":{"line":169,"type":"binary-expr","locations":[{"start":{"line":169,"column":17},"end":{"line":169,"column":53}},{"start":{"line":169,"column":59},"end":{"line":169,"column":73}}]},"26":{"line":177,"type":"if","locations":[{"start":{"line":177,"column":24},"end":{"line":177,"column":24}},{"start":{"line":177,"column":24},"end":{"line":177,"column":24}}]},"27":{"line":178,"type":"if","locations":[{"start":{"line":178,"column":28},"end":{"line":178,"column":28}},{"start":{"line":178,"column":28},"end":{"line":178,"column":28}}]},"28":{"line":183,"type":"if","locations":[{"start":{"line":183,"column":32},"end":{"line":183,"column":32}},{"start":{"line":183,"column":32},"end":{"line":183,"column":32}}]},"29":{"line":192,"type":"if","locations":[{"start":{"line":192,"column":12},"end":{"line":192,"column":12}},{"start":{"line":192,"column":12},"end":{"line":192,"column":12}}]},"30":{"line":200,"type":"if","locations":[{"start":{"line":200,"column":12},"end":{"line":200,"column":12}},{"start":{"line":200,"column":12},"end":{"line":200,"column":12}}]}}},"C:\\devs\\scanjs\\Cache.js":{"path":"C:\\devs\\scanjs\\Cache.js","s":{"1":35,"2":35,"3":35,"4":35,"5":35,"6":35,"7":35,"8":35,"9":307,"10":307,"11":3709,"12":307,"13":3402,"14":1701,"15":1701,"16":1701,"17":1701,"18":307,"19":35,"20":35,"21":35,"22":307,"23":307,"24":307,"25":3709,"26":1285,"27":1285,"28":1189,"29":307,"30":35,"31":35,"32":35,"33":307,"34":52,"35":255,"36":35,"37":833,"38":4842,"39":1},"b":{"1":[35,35],"2":[307,3402],"3":[1701,1701],"4":[1285,2424],"5":[1189,96],"6":[52,255]},"f":{"1":35,"2":35,"3":35,"4":35,"5":833,"6":4842},"fnMap":{"1":{"name":"(anonymous_1)","line":2,"loc":{"start":{"line":2,"column":15},"end":{"line":2,"column":44}}},"2":{"name":"(anonymous_2)","line":11,"loc":{"start":{"line":11,"column":26},"end":{"line":11,"column":29}}},"3":{"name":"(anonymous_3)","line":33,"loc":{"start":{"line":33,"column":26},"end":{"line":33,"column":29}}},"4":{"name":"(anonymous_4)","line":51,"loc":{"start":{"line":51,"column":22},"end":{"line":51,"column":25}}},"5":{"name":"(anonymous_5)","line":63,"loc":{"start":{"line":63,"column":19},"end":{"line":63,"column":23}}},"6":{"name":"(anonymous_6)","line":67,"loc":{"start":{"line":67,"column":10},"end":{"line":67,"column":14}}}},"statementMap":{"1":{"start":{"line":3,"column":8},"end":{"line":3,"column":27}},"2":{"start":{"line":4,"column":8},"end":{"line":4,"column":23}},"3":{"start":{"line":5,"column":8},"end":{"line":5,"column":21}},"4":{"start":{"line":6,"column":8},"end":{"line":6,"column":75}},"5":{"start":{"line":7,"column":8},"end":{"line":7,"column":66}},"6":{"start":{"line":8,"column":8},"end":{"line":8,"column":53}},"7":{"start":{"line":12,"column":8},"end":{"line":12,"column":23}},"8":{"start":{"line":13,"column":8},"end":{"line":29,"column":9}},"9":{"start":{"line":14,"column":12},"end":{"line":14,"column":25}},"10":{"start":{"line":15,"column":12},"end":{"line":27,"column":13}},"11":{"start":{"line":16,"column":16},"end":{"line":26,"column":17}},"12":{"start":{"line":17,"column":20},"end":{"line":17,"column":32}},"13":{"start":{"line":19,"column":20},"end":{"line":25,"column":21}},"14":{"start":{"line":20,"column":24},"end":{"line":20,"column":46}},"15":{"start":{"line":22,"column":24},"end":{"line":22,"column":55}},"16":{"start":{"line":23,"column":24},"end":{"line":23,"column":55}},"17":{"start":{"line":24,"column":24},"end":{"line":24,"column":62}},"18":{"start":{"line":28,"column":12},"end":{"line":28,"column":28}},"19":{"start":{"line":30,"column":8},"end":{"line":30,"column":21}},"20":{"start":{"line":34,"column":8},"end":{"line":34,"column":23}},"21":{"start":{"line":35,"column":8},"end":{"line":47,"column":9}},"22":{"start":{"line":36,"column":9},"end":{"line":36,"column":40}},"23":{"start":{"line":37,"column":12},"end":{"line":37,"column":34}},"24":{"start":{"line":38,"column":12},"end":{"line":45,"column":13}},"25":{"start":{"line":39,"column":16},"end":{"line":44,"column":17}},"26":{"start":{"line":40,"column":17},"end":{"line":40,"column":48}},"27":{"start":{"line":41,"column":20},"end":{"line":43,"column":21}},"28":{"start":{"line":42,"column":24},"end":{"line":42,"column":44}},"29":{"start":{"line":46,"column":12},"end":{"line":46,"column":36}},"30":{"start":{"line":48,"column":8},"end":{"line":48,"column":21}},"31":{"start":{"line":52,"column":8},"end":{"line":52,"column":23}},"32":{"start":{"line":53,"column":8},"end":{"line":59,"column":9}},"33":{"start":{"line":54,"column":12},"end":{"line":58,"column":13}},"34":{"start":{"line":55,"column":16},"end":{"line":55,"column":53}},"35":{"start":{"line":57,"column":16},"end":{"line":57,"column":54}},"36":{"start":{"line":60,"column":8},"end":{"line":60,"column":21}},"37":{"start":{"line":64,"column":8},"end":{"line":64,"column":44}},"38":{"start":{"line":68,"column":8},"end":{"line":68,"column":35}},"39":{"start":{"line":72,"column":0},"end":{"line":72,"column":29}}},"branchMap":{"1":{"line":6,"type":"binary-expr","locations":[{"start":{"line":6,"column":31},"end":{"line":6,"column":41}},{"start":{"line":6,"column":45},"end":{"line":6,"column":74}}]},"2":{"line":16,"type":"if","locations":[{"start":{"line":16,"column":16},"end":{"line":16,"column":16}},{"start":{"line":16,"column":16},"end":{"line":16,"column":16}}]},"3":{"line":19,"type":"if","locations":[{"start":{"line":19,"column":20},"end":{"line":19,"column":20}},{"start":{"line":19,"column":20},"end":{"line":19,"column":20}}]},"4":{"line":39,"type":"if","locations":[{"start":{"line":39,"column":16},"end":{"line":39,"column":16}},{"start":{"line":39,"column":16},"end":{"line":39,"column":16}}]},"5":{"line":41,"type":"if","locations":[{"start":{"line":41,"column":20},"end":{"line":41,"column":20}},{"start":{"line":41,"column":20},"end":{"line":41,"column":20}}]},"6":{"line":54,"type":"if","locations":[{"start":{"line":54,"column":12},"end":{"line":54,"column":12}},{"start":{"line":54,"column":12},"end":{"line":54,"column":12}}]}}}}