TN:
SF:C:\devs\scanjs\Graph.js
FN:4,(anonymous_1)
FN:9,(anonymous_2)
FN:16,(anonymous_3)
FN:27,(anonymous_4)
FN:31,(anonymous_5)
FN:40,(anonymous_6)
FN:65,(anonymous_7)
FNF:7
FNH:7
FNDA:46,(anonymous_1)
FNDA:327,(anonymous_2)
FNDA:530,(anonymous_3)
FNDA:4838,(anonymous_4)
FNDA:1704,(anonymous_5)
FNDA:1,(anonymous_6)
FNDA:1,(anonymous_7)
DA:1,1
DA:5,46
DA:6,46
DA:10,327
DA:11,326
DA:12,326
DA:17,530
DA:18,530
DA:19,529
DA:21,530
DA:22,529
DA:28,4838
DA:32,1704
DA:33,1704
DA:34,1704
DA:35,8274
DA:37,1704
DA:41,1
DA:42,1
DA:43,1
DA:45,1
DA:46,2
DA:47,2
DA:48,4
DA:49,4
DA:51,4
DA:52,2
DA:54,4
DA:55,2
DA:57,2
DA:60,2
DA:62,1
DA:66,1
DA:67,1
DA:68,0
DA:70,1
DA:71,1
DA:72,1
DA:73,1
DA:74,2
DA:75,2
DA:77,0
DA:81,1
DA:82,4
DA:83,3
DA:84,3
DA:85,3
DA:89,3
DA:90,3
DA:91,5
DA:92,2
DA:98,1
DA:105,1
LF:53
LH:51
BRDA:10,1,0,326
BRDA:10,1,1,1
BRDA:17,2,0,530
BRDA:17,2,1,0
BRDA:17,3,0,530
BRDA:17,3,1,530
BRDA:18,4,0,529
BRDA:18,4,1,1
BRDA:21,5,0,529
BRDA:21,5,1,1
BRDA:42,6,0,1
BRDA:42,6,1,0
BRDA:51,7,0,2
BRDA:51,7,1,2
BRDA:54,8,0,2
BRDA:54,8,1,2
BRDA:67,9,0,0
BRDA:67,9,1,1
BRDA:74,10,0,2
BRDA:74,10,1,0
BRDA:82,11,0,3
BRDA:82,11,1,1
BRDA:82,12,0,4
BRDA:82,12,1,4
BRDA:84,13,0,3
BRDA:84,13,1,0
BRDA:91,14,0,2
BRDA:91,14,1,3
BRF:28
BRH:23
end_of_record
TN:
SF:C:\devs\scanjs\Scan.js
FN:4,(anonymous_1)
FN:11,(anonymous_2)
FN:18,(anonymous_3)
FN:23,(anonymous_4)
FN:27,(anonymous_5)
FN:31,(anonymous_6)
FN:52,(anonymous_7)
FN:59,(anonymous_8)
FN:83,(anonymous_9)
FN:105,(anonymous_10)
FN:125,(anonymous_11)
FN:143,(anonymous_12)
FN:161,(anonymous_13)
FNF:13
FNH:13
FNDA:35,(anonymous_1)
FNDA:526,(anonymous_2)
FNDA:4842,(anonymous_3)
FNDA:2686,(anonymous_4)
FNDA:1964,(anonymous_5)
FNDA:2514,(anonymous_6)
FNDA:171,(anonymous_7)
FNDA:10,(anonymous_8)
FNDA:4,(anonymous_9)
FNDA:31,(anonymous_10)
FNDA:16,(anonymous_11)
FNDA:15,(anonymous_12)
FNDA:1,(anonymous_13)
DA:1,1
DA:5,35
DA:6,35
DA:7,35
DA:8,35
DA:15,526
DA:20,4842
DA:24,2686
DA:28,1964
DA:32,2514
DA:33,2514
DA:34,376
DA:36,2138
DA:37,112
DA:38,112
DA:39,112
DA:40,661
DA:41,661
DA:42,550
DA:45,112
DA:47,2026
DA:53,171
DA:54,1429
DA:60,10
DA:61,92
DA:62,1200
DA:63,1200
DA:65,1200
DA:66,166
DA:67,0
DA:71,1200
DA:72,360
DA:73,36
DA:74,2
DA:80,8
DA:84,4
DA:85,4
DA:86,6
DA:87,6
DA:88,17
DA:89,0
DA:91,17
DA:92,0
DA:94,17
DA:98,6
DA:99,1
DA:102,3
DA:106,31
DA:107,0
DA:109,31
DA:110,0
DA:112,31
DA:113,0
DA:115,31
DA:116,31
DA:117,141
DA:119,31
DA:120,142
DA:122,31
DA:126,16
DA:127,32
DA:129,0
DA:131,16
DA:132,31
DA:133,31
DA:134,16
DA:135,16
DA:136,1
DA:140,15
DA:144,15
DA:145,30
DA:147,0
DA:149,15
DA:150,30
DA:151,30
DA:152,15
DA:153,15
DA:154,0
DA:158,15
DA:162,1
DA:163,1
DA:164,1
DA:165,1
DA:166,1
DA:168,1
DA:169,14
DA:170,2
DA:171,2
DA:172,2
DA:173,2
DA:174,12
DA:176,12
DA:177,168
DA:178,0
DA:179,0
DA:180,0
DA:181,0
DA:182,0
DA:183,0
DA:184,0
DA:192,14
DA:193,14
DA:199,1
DA:200,14
DA:201,0
DA:203,14
DA:207,1
DA:216,1
LF:108
LH:91
BRDA:24,1,0,2686
BRDA:24,1,1,519
BRDA:33,2,0,376
BRDA:33,2,1,2138
BRDA:36,3,0,112
BRDA:36,3,1,2026
BRDA:39,4,0,773
BRDA:39,4,1,772
BRDA:41,5,0,550
BRDA:41,5,1,111
BRDA:54,6,0,1429
BRDA:54,6,1,169
BRDA:65,7,0,166
BRDA:65,7,1,1034
BRDA:65,8,0,1200
BRDA:65,8,1,360
BRDA:66,9,0,0
BRDA:66,9,1,166
BRDA:71,10,0,360
BRDA:71,10,1,840
BRDA:72,11,0,36
BRDA:72,11,1,324
BRDA:73,12,0,2
BRDA:73,12,1,34
BRDA:88,13,0,0
BRDA:88,13,1,17
BRDA:91,14,0,0
BRDA:91,14,1,17
BRDA:98,15,0,1
BRDA:98,15,1,5
BRDA:106,16,0,0
BRDA:106,16,1,31
BRDA:109,17,0,0
BRDA:109,17,1,31
BRDA:112,18,0,0
BRDA:112,18,1,31
BRDA:122,19,0,31
BRDA:122,19,1,1
BRDA:126,20,0,0
BRDA:126,20,1,16
BRDA:135,21,0,1
BRDA:135,21,1,15
BRDA:144,22,0,0
BRDA:144,22,1,15
BRDA:153,23,0,0
BRDA:153,23,1,15
BRDA:169,24,0,2
BRDA:169,24,1,12
BRDA:169,25,0,14
BRDA:169,25,1,14
BRDA:177,26,0,0
BRDA:177,26,1,168
BRDA:178,27,0,0
BRDA:178,27,1,0
BRDA:183,28,0,0
BRDA:183,28,1,0
BRDA:192,29,0,14
BRDA:192,29,1,0
BRDA:200,30,0,0
BRDA:200,30,1,14
BRF:60
BRH:44
end_of_record
TN:
SF:C:\devs\scanjs\Cache.js
FN:2,(anonymous_1)
FN:11,(anonymous_2)
FN:33,(anonymous_3)
FN:51,(anonymous_4)
FN:63,(anonymous_5)
FN:67,(anonymous_6)
FNF:6
FNH:6
FNDA:35,(anonymous_1)
FNDA:35,(anonymous_2)
FNDA:35,(anonymous_3)
FNDA:35,(anonymous_4)
FNDA:833,(anonymous_5)
FNDA:4842,(anonymous_6)
DA:3,35
DA:4,35
DA:5,35
DA:6,35
DA:7,35
DA:8,35
DA:12,35
DA:13,35
DA:14,307
DA:15,307
DA:16,3709
DA:17,307
DA:19,3402
DA:20,1701
DA:22,1701
DA:23,1701
DA:24,1701
DA:28,307
DA:30,35
DA:34,35
DA:35,35
DA:36,307
DA:37,307
DA:38,307
DA:39,3709
DA:40,1285
DA:41,1285
DA:42,1189
DA:46,307
DA:48,35
DA:52,35
DA:53,35
DA:54,307
DA:55,52
DA:57,255
DA:60,35
DA:64,833
DA:68,4842
DA:72,1
LF:39
LH:39
BRDA:6,1,0,35
BRDA:6,1,1,35
BRDA:16,2,0,307
BRDA:16,2,1,3402
BRDA:19,3,0,1701
BRDA:19,3,1,1701
BRDA:39,4,0,1285
BRDA:39,4,1,2424
BRDA:41,5,0,1189
BRDA:41,5,1,96
BRDA:54,6,0,52
BRDA:54,6,1,255
BRF:12
BRH:12
end_of_record
